<?xml version="1.0" encoding="UTF-8"?>
<!-- Generated by org.testng.reporters.JUnitXMLReporter -->
<testsuite ignored="0" hostname="DESKTOP-I1HVQQF" failures="1" tests="4" name="Default test" time="36.908" errors="0" timestamp="2023-01-12T13:13:19 IST">
  <testcase classname="TestClasses.TestTechPanda" name="CartVerification" time="11.935">
    <failure type="java.lang.AssertionError" message="Got Error Message expected [Some of the products cannot be ordered in requested quantity.] but found [[[ChromeDriver: chrome on WINDOWS (f4946c74574dbdd80aa5657f5df53e7b)] -&amp;gt; xpath: //span[text()=&amp;apos;Some of the products cannot be ordered in requested quantity.&amp;apos;]]]">
      <![CDATA[java.lang.AssertionError: Got Error Message expected [Some of the products cannot be ordered in requested quantity.] but found [[[ChromeDriver: chrome on WINDOWS (f4946c74574dbdd80aa5657f5df53e7b)] -> xpath: //span[text()='Some of the products cannot be ordered in requested quantity.']]]
at org.testng.Assert.fail(Assert.java:110)
at org.testng.Assert.failNotEquals(Assert.java:1413)
at org.testng.Assert.assertEqualsImpl(Assert.java:149)
at org.testng.Assert.assertEquals(Assert.java:131)
at org.testng.Assert.assertEquals(Assert.java:655)
at TestClasses.TestTechPanda.CartVerification(TestTechPanda.java:168)
at java.base/jdk.internal.reflect.DirectMethodHandleAccessor.invoke(DirectMethodHandleAccessor.java:104)
at java.base/java.lang.reflect.Method.invoke(Method.java:577)
at org.testng.internal.invokers.MethodInvocationHelper.invokeMethod(MethodInvocationHelper.java:139)
at org.testng.internal.invokers.TestInvoker.invokeMethod(TestInvoker.java:677)
at org.testng.internal.invokers.TestInvoker.invokeTestMethod(TestInvoker.java:221)
at org.testng.internal.invokers.MethodRunner.runInSequence(MethodRunner.java:50)
at org.testng.internal.invokers.TestInvoker$MethodInvocationAgent.invoke(TestInvoker.java:969)
at org.testng.internal.invokers.TestInvoker.invokeTestMethods(TestInvoker.java:194)
at org.testng.internal.invokers.TestMethodWorker.invokeTestMethods(TestMethodWorker.java:148)
at org.testng.internal.invokers.TestMethodWorker.run(TestMethodWorker.java:128)
at java.base/java.util.ArrayList.forEach(ArrayList.java:1511)
at org.testng.TestRunner.privateRun(TestRunner.java:829)
at org.testng.TestRunner.run(TestRunner.java:602)
at org.testng.SuiteRunner.runTest(SuiteRunner.java:437)
at org.testng.SuiteRunner.runSequentially(SuiteRunner.java:431)
at org.testng.SuiteRunner.privateRun(SuiteRunner.java:391)
at org.testng.SuiteRunner.run(SuiteRunner.java:330)
at org.testng.SuiteRunnerWorker.runSuite(SuiteRunnerWorker.java:52)
at org.testng.SuiteRunnerWorker.run(SuiteRunnerWorker.java:95)
at org.testng.TestNG.runSuitesSequentially(TestNG.java:1256)
at org.testng.TestNG.runSuitesLocally(TestNG.java:1176)
at org.testng.TestNG.runSuites(TestNG.java:1099)
at org.testng.TestNG.run(TestNG.java:1067)
at org.testng.remote.AbstractRemoteTestNG.run(AbstractRemoteTestNG.java:115)
at org.testng.remote.RemoteTestNG.initAndRun(RemoteTestNG.java:251)
at org.testng.remote.RemoteTestNG.main(RemoteTestNG.java:77)
]]>
    </failure>
  </testcase> <!-- CartVerification -->
  <testcase classname="TestClasses.TestTechPanda" name="IndexPage" time="0.013"/>
  <testcase classname="TestClasses.TestTechPanda" name="Mobile" time="0.012"/>
  <testcase classname="TestClasses.TestTechPanda" name="XperiaMobile" time="10.086"/>
</testsuite> <!-- Default test -->
